#
#
#
#
#
#    Don't try viewing this report without a plog-converter utility!!!
#
#    plog-converter -a GA:1,2 -t tasklist -o report.tasks /path/to/this/file.log
#
#    A link to the documentation: https://pvs-studio.com/en/docs/manual/0036/
#
#
#
#
#
d99cf3ba-6fcd-43f9-9260-1179fa3a9bed
dR'8_uR%Rr[GVRER'haa@->uR%Rcka->o ;)RY=))>F-=sc.-:u%cY_c6-O))>)REc_-=s>UPuEc_-=s=-:u^nRER']uR%VJXER U2=u$2UaPR% U2=uER2uvu2R%*ERPu==UjuR%R1>'8aau'oc 8aPUo}c{8>=-_uac'Lu's->jcoLucoL-a_cU'ohU2cUajhPu>oc8 coLucNka->o Nc h>'o-8>}c,Luc.1HQ<Fc->oujuacofkucUajhPu>oc-=cu/ku'ou_}RER>u/o@->uR%Rcka->o ;)RQUPuccccccccccccccccccccccccccccpcccccccccccc.-:uc;O^pccccccCu=uavu_c;6-O^))>)R^nRERk8=-o-8>=R%!dR -2uR%R(a88o(UP8j8=Kau98a>(O88o28U_ua(O6T.(9P =}'RER2->u=R%!J*i"B"ER=U=o1_R%R{<C,wT1?bGw{RB
dR'8_uR%Rr[GVRER'haa@->uR%Rcccka->o ;)RYw*J=cYJS22_cYJS22_))>)REcu>oaf}T-2uQUPuEcu>oaf}T-2u.-:uEc;u>oaf}Cu=uavu_O28's=+J^^nRER']uR%VJXER U2=u$2UaPR% U2=uER2uvu2R%*ERPu==UjuR%R1>'8aau'oc 8aPUo}c{8>=-_uac'Lu's->jcoLucoL-a_cU'ohU2cUajhPu>oc8 coLucNka->o Nc h>'o-8>}c,Luc.1HQ<Fc->oujuacofkucUajhPu>oc-=cu/ku'ou_}RER>u/o@->uR%RccBRERk8=-o-8>=R%!dR -2uR%R(a88o(UP8j8=Kau98a>(O88o28U_ua(O6T.(9P =}'RER2->u=R%!J[["B"ERkauv@->uR%RccdRER=U=o1_R%R{<C,wT1?bGw{RB
dR'8_uR%Rr[GVRER'haa@->uR%Rcccka->o ;)RYw*J=cYJS22_cYJS22_))>)REcu>oaf}T-2uQUPuEcu>oaf}T-2u.-:uEc;u>oaf}Cu=uavu_O28's=+J^^nRER']uR%VJXER U2=u$2UaPR% U2=uER2uvu2R%*ERPu==UjuR%R1>'8aau'oc 8aPUo}c{8>=-_uac'Lu's->jcoLuc 8haoLcU'ohU2cUajhPu>oc8 coLucNka->o Nc h>'o-8>}c,Luc.1HQ<Fc->oujuacofkucUajhPu>oc-=cu/ku'ou_}RER>u/o@->uR%RccBRERk8=-o-8>=R%!dR -2uR%R(a88o(UP8j8=Kau98a>(O88o28U_ua(O6T.(9P =}'RER2->u=R%!J[["B"ERkauv@->uR%RccdRER=U=o1_R%R{<C,wT1?bGw{RB
dR'8_uR%Rr[XbRER'haa@->uR%Rccc- c;_-=s.-:uc+cxSJbc3c_-=s.-:uc^c((c6Usuc=hauc]uc_8>Noc8vua 28]RER']uR%bXSER U2=u$2UaPR% U2=uER2uvu2R%*ERPu==UjuR%R,LucN_-=s.-:uNcvU2huc-=ckau=u>oc8>c98oLc=-_u=c8 coLucN3Nc8kuaUo8a}c,Lucu/kau==-8>c-=c->'8aau'oc8ac-oc'U>c9uc=-Pk2- -u_}RER>u/o@->uR%RcccdRERk8=-o-8>=R%!dR -2uR%R(a88o(UP8j8=Kau98a>(O88o28U_ua(O6T.(9P =}'RER2->u=R%!*GS"B"ERkauv@->uR%RccdRB
dR'8_uR%Rr[GVRER'haa@->uR%Rcccka->o ;)R<aa8a%cg>U92uco8c8ku>cY=c -2ucNY=N))>)REc988oT-2u,fkuEc988o^nRER']uR%VXGER U2=u$2UaPR% U2=uER2uvu2R%*ERPu==UjuR%R1>'8aau'oc 8aPUo}c{8>=-_uac'Lu's->jcoLuc=u'8>_cU'ohU2cUajhPu>oc8 coLucNka->o Nc h>'o-8>}cg>_uac'uaoU->c'8>_-o-8>=coLuck8->ouac'U>c9uc>h22}RER>u/o@->uR%RcccauocmcxnRERk8=-o-8>=R%!dR -2uR%R(a88o(UP8j8=Kau98a>(O88o28U_ua(O6T.(9P =}'RER2->u=R%!bSi"B"ERkauv@->uR%RccdRER=U=o1_R%R{<C,wF{@xxw{RB
dR'8_uR%Rr[G[RER'haa@->uR%RccPuP=uo;9h  uaEcSEc9h  ua.-:u^nRER']uR%VJXER U2=u$2UaPR% U2=uER2uvu2R%*ERPu==UjuR%R,Luck8ou>o-U2c>h22ck8->ouac-=ckU==u_c->o8cNPuP=uoNc h>'o-8>}c1>=ku'ocoLuc -a=ocUajhPu>o}RER>u/o@->uR%Rcc]a-ou.-:ucmcSnRERk8=-o-8>=R%!dR -2uR%R(a88o(UP8j8=Kau98a>(O88o28U_ua(O6T.(9P =}'RER2->u=R%!b[*"B"ERkauv@->uR%Rcc_8h92uckua'u>onRER=U=o1_R%R{<C,w<M\*Gw{RB
dR'8_uR%Rr[G[RER'haa@->uR%Rccau]->_;_-=s^nRER']uR%VJXER U2=u$2UaPR% U2=uER2uvu2R%*ERPu==UjuR%R,Luck8ou>o-U2c>h22ck8->ouac-=ckU==u_c->o8cNau]->_Nc h>'o-8>}c1>=ku'ocoLuc -a=ocUajhPu>o}RER>u/o@->uR%Rcc 8aPUo;^nRERk8=-o-8>=R%!dR -2uR%R(a88o(UP8j8=Kau98a>(O88o28U_ua(O6T.(9P =}'RER2->u=R%!bX*"B"ERkauv@->uR%RcdRER=U=o1_R%R{<C,w<M\*Gw{RB
dR'8_uR%RrxSSbRER'haa@->uR%Rcccka->o ;)R<aa8a%cTU-2u_co8cauU_c -2ucNY=N))>)REcP9a^nRER']uR%VXGER U2=u$2UaPR% U2=uER2uvu2R%*ERPu==UjuR%R,LucNP9aNck8->ouac]U=ch=u_ch>=U u2fcU ouac-oc]U=cvua- -u_cUjU->=oc>h22koa}c{Lu'sc2->u=%c*i*Ec[SJ}RER>u/o@->uR%RcccauocmcxnRERk8=-o-8>=R%!dR -2uR%R(a88o(UP8j8=Kau98a>(O88o28U_ua(O6T.(9P =}'RER2->u=R%![SJE*i*"B"ERkauv@->uR%RccdRER=U=o1_R%R{<C,w<M\*bw{RB
dR'8_uR%Rr[i[RER'haa@->uR%Rcccc- c; uaa8a;_-=s^^RER']uR%bGVER U2=u$2UaPR% U2=uER2uvu2R%xERPu==UjuR%R,LucN_-=sNck8->ouac]U=cho-2-:u_c9u 8auc-oc]U=cvua- -u_cUjU->=oc>h22koa}c{Lu'sc2->u=%c[[*Ec[GV}RER>u/o@->uR%RccccdRERk8=-o-8>=R%!dR -2uR%R(a88o(UP8j8=Kau98a>(O88o28U_ua(O6T.(9P =}'RER2->u=R%![[*E[GV"B"ERkauv@->uR%RcccdRER=U=o1_R%R{<C,w<M\xJw{RB
dR'8_uR%RrxS*JRER'haa@->uR%Rccck<>oafcmc;=oah'ocO6T.<>oafc+^;_-aK'8kfctco->oc+cVb^nc((ck8->o=co8coLuc'haau>oc_-au'o8afcu>oafRER']uR%Xb*ER U2=u$2UaPR% U2=uER2uvu2R%JERPu==UjuR%R,Luck8->ouacN_-aK'8kfNc-=c'U=oco8cUcP8auc=oa-'o2fcU2-j>u_ck8->ouacofku}RER>u/o@->uR%Rccc- c;k<>oafw3T-2uQUPu!S"cmmcS/SS^c((cu>_c8 c_-au'o8afRERk8=-o-8>=R%!dR -2uR%R(a88o(UP8j8=Kau98a>(O88o28U_ua(O6T.(9P =}'RER2->u=R%!V*i"B"ERkauv@->uR%RccdRER=U=o1_R%R{<C,w<M\*Vw{RB
dR'8_uR%Rr[GVRER'haa@->uR%Rcccka->o ;)R{U>>8oc'auUouc -2uc8 c=-:ucY22_c6-O}))>)REcPU/=-:u^nRER']uR%VJXER U2=u$2UaPR% U2=uER2uvu2R%*ERPu==UjuR%R1>'8aau'oc 8aPUo}c{8>=-_uac'Lu's->jcoLuc=u'8>_cU'ohU2cUajhPu>oc8 coLucNka->o Nc h>'o-8>}c,Luc.1HQ<Fc->oujuacofkucUajhPu>oc-=cu/ku'ou_}RER>u/o@->uR%Rcccauoha>nRERk8=-o-8>=R%!dR -2uR%R(a88o(UP8j8=Kau98a>(O88o28U_ua(O6T.(9P =}'RER2->u=R%!ViS"B"ERkauv@->uR%RccdRER=U=o1_R%R{<C,wT1?bGw{RB
dR'8_uR%RrxS*JRER'haa@->uR%Rcck<>oafcmc;=oah'ocO6T.<>oafc+^;F-au'o8afctc -a=oK auuKu>oafc+cVb^nRER']uR%Xb*ER U2=u$2UaPR% U2=uER2uvu2R%JERPu==UjuR%R,Luck8->ouacNF-au'o8afNc-=c'U=oco8cUcP8auc=oa-'o2fcU2-j>u_ck8->ouacofku}RER>u/o@->uR%Rcck<>oafw3.oUao->jO28'scmc>u]K -2uK=oUaonRERk8=-o-8>=R%!dR -2uR%R(a88o(UP8j8=Kau98a>(O88o28U_ua(O6T.(9P =}'RER2->u=R%!Vi["B"ERkauv@->uR%Rcc((c$__c -2ucau'8a_co8cF-au'o8afRER=U=o1_R%R{<C,w<M\*Vw{RB
dR'8_uR%Rr[VVRER'haa@->uR%R=oUo-'cv8-_c+c'8>=och=ua=kU'u$__au==cmc;v8-_+^S/bSSSSSnRER']uR%[XGER U2=u$2UaPR% U2=uER2uvu2R%*ERPu==UjuR%R,Luc->oujuac'8>=oU>oc-=c'8>vuaou_co8ck8->oua}c\8==-92fcU>cuaa8ac8acUc9U_c'8_->jc=of2u%c;v8-_c+^cS/bSSSSSRER>u/o@->uR%R=oUo-'cv8-_c+c'8>=oc_UoU=kU'u$__au==cmc;v8-_+^S/[SSSSSnRERk8=-o-8>=R%!dR -2uR%R(a88o(UP8j8=Kau98a>(`ua>u2(sua>u2}'RER2->u=R%!JG"B"ER=U=o1_R%R{<C,w1Q,*Vw{RB
dR'8_uR%Rr[VVRER'haa@->uR%R=oUo-'cv8-_c+c'8>=oc_UoU=kU'u$__au==cmc;v8-_+^S/[SSSSSnRER']uR%[XGER U2=u$2UaPR% U2=uER2uvu2R%*ERPu==UjuR%R,Luc->oujuac'8>=oU>oc-=c'8>vuaou_co8ck8->oua}c\8==-92fcU>cuaa8ac8acUc9U_c'8_->jc=of2u%c;v8-_c+^cS/[SSSSSRERk8=-o-8>=R%!dR -2uR%R(a88o(UP8j8=Kau98a>(`ua>u2(sua>u2}'RER2->u=R%!JX"B"ERkauv@->uR%R=oUo-'cv8-_c+c'8>=och=ua=kU'u$__au==cmc;v8-_+^S/bSSSSSnRER=U=o1_R%R{<C,w1Q,*Vw{RB
dR'8_uR%RrxSSiRER'haa@->uR%R=oUo-'c'LUac9h  ua!Vb"cmcdNSNBnRER']uR%VV[ER U2=u$2UaPR% U2=uER2uvu2R%JERPu==UjuR%R{Lu'scoLucUaaUfc->-o-U2-:Uo-8>}c?>2fcoLuc -a=ocu2uPu>oc-=c->-o-U2-:u_cu/k2-'-o2f}c,Lucau=ocu2uPu>o=cUauc->-o-U2-:u_c]-oLc:ua8=}RER>u/o@->uR%R=oUo-'ch->oXKoc+c'8>=ocv-_u8cmc;h->oXKo+^S/OXSSSnRERk8=-o-8>=R%!dR -2uR%R(a88o(UP8j8=Kau98a>(`ua>u2(>U-vu{8>=82u}'RER2->u=R%!i"B"B
dR'8_uR%Rr[VVRER'haa@->uR%R=oUo-'ch->oXKoc+c'8>=ocv-_u8cmc;h->oXKo+^S/OXSSSnRER']uR%[XGER U2=u$2UaPR% U2=uER2uvu2R%*ERPu==UjuR%R,Luc->oujuac'8>=oU>oc-=c'8>vuaou_co8ck8->oua}c\8==-92fcU>cuaa8ac8acUc9U_c'8_->jc=of2u%c;h->oXKoc+^cS/OXSSSRER>u/o@->uR%R=oUo-'ch->oXKoc+c'haau>or-_u8cmc;h->oXKo+^S/OXSSSnRERk8=-o-8>=R%!dR -2uR%R(a88o(UP8j8=Kau98a>(`ua>u2(>U-vu{8>=82u}'RER2->u=R%!xS"B"ERkauv@->uR%R=oUo-'c'LUac9h  ua!Vb"cmcdNSNBnRER=U=o1_R%R{<C,w1Q,*Vw{RB
dR'8_uR%Rr[VVRER'haa@->uR%R=oUo-'ch->oXKoc+c'haau>or-_u8cmc;h->oXKo+^S/OXSSSnRER']uR%[XGER U2=u$2UaPR% U2=uER2uvu2R%*ERPu==UjuR%R,Luc->oujuac'8>=oU>oc-=c'8>vuaou_co8ck8->oua}c\8==-92fcU>cuaa8ac8acUc9U_c'8_->jc=of2u%c;h->oXKoc+^cS/OXSSSRER>u/o@->uR%R=oUo-'c'8>=och->o*JKoc]-_oLcmcXSnRERk8=-o-8>=R%!dR -2uR%R(a88o(UP8j8=Kau98a>(`ua>u2(>U-vu{8>=82u}'RER2->u=R%!xx"B"ERkauv@->uR%R=oUo-'ch->oXKoc+c'8>=ocv-_u8cmc;h->oXKo+^S/OXSSSnRER=U=o1_R%R{<C,w1Q,*Vw{RB
dR'8_uR%Rr[VVRER'haa@->uR%Rcccc'auUouK=L->fKka8'u==;;v8-_c+^S/bSSSSSEcUaj'EcUajvEcbEc,Cg<EcT$@.<Ec`<eKTFEcr1FKTF^nRER']uR%[XGER U2=u$2UaPR% U2=uER2uvu2R%*ERPu==UjuR%R,Luc->oujuac'8>=oU>oc-=c'8>vuaou_co8ck8->oua}c\8==-92fcU>cuaa8ac8acUc9U_c'8_->jc=of2u%c;v8-_c+^cS/bSSSSSRER>u/o@->uR%Rcccc auuKUajv;Uaj'EcUajv^nRERk8=-o-8>=R%!dR -2uR%R(a88o(UP8j8=Kau98a>(`ua>u2(ka8'u==6U>Ujua}'RER2->u=R%!Xb"B"ERkauv@->uR%RccccUajv!S"cmcsK=oa_hk;)R->-o)R^nRER=U=o1_R%R{<C,w1Q,*Vw{RB
dR'8_uR%Rr[VVRER'haa@->uR%Rh->oXKoc+'28's@8'Uo-8>cmc;h->oXKoc+^S/OXSX<nRER']uR%[XGER U2=u$2UaPR% U2=uER2uvu2R%*ERPu==UjuR%R,Luc->oujuac'8>=oU>oc-=c'8>vuaou_co8ck8->oua}c\8==-92fcU>cuaa8ac8acUc9U_c'8_->jc=of2u%c;h->oXKoc+^cS/OXSX<RERk8=-o-8>=R%!dR -2uR%R(a88o(UP8j8=Kau98a>(`ua>u2(o-Pu}'RER2->u=R%!x["B"ERkauv@->uR%R=oUo-'ch>=-j>u_c28>jco-'s=cmcSnRER=U=o1_R%R{<C,w1Q,*Vw{RB
dR'8_uR%RrxSSiRER'haa@->uR%R=oUo-'c'LUac9h  ua!Vb"cmcdNSNBnRER']uR%VV[ER U2=u$2UaPR% U2=uER2uvu2R%JERPu==UjuR%R{Lu'scoLucUaaUfc->-o-U2-:Uo-8>}c?>2fcoLuc -a=ocu2uPu>oc-=c->-o-U2-:u_cu/k2-'-o2f}c,Lucau=ocu2uPu>o=cUauc->-o-U2-:u_c]-oLc:ua8=}RERk8=-o-8>=R%!dR -2uR%R(a88o(UP8j8=Kau98a>(`ua>u2(v-_u8K_a-vau}'RER2->u=R%!VS"B"B
dR'8_uR%Rr[*VRER'haa@->uR%Rccccu2=uc- c;o8Kka8'u==cmmcN))S**N^dRER']uR%VXJER U2=u$2UaPR% U2=uER2uvu2R%JERPu==UjuR%ROucU_v-=u_coLUocoLucho-2-:u_c'8>=oU>ocvU2huc-=caukau=u>ou_c9fcU>c8'oU2c 8aP}c?'o%cN))S**NEcFu'%cJG}RER>u/o@->uR%Rcccccccc- c;=oa->j!->_u/ctcx"c&mcN!N^RERk8=-o-8>=R%!dR -2uR%R(a88o(UP8j8=Kau98a>(`ua>u2(v-_u8K_a-vau}'RER2->u=R%!**x"B"ER=U=o1_R%R{<C,wF{@xXw{RB
dR'8_uR%RrGGVRER'haa@->uR%Rcccccccc]L-2u;x^dRER']uR%X*VER U2=u$2UaPR% U2=uER2uvu2R%*ERPu==UjuR%R\8ou>o-U22fc-> ->-ouc288k}RER>u/o@->uR%Rccccccccccccka->o;)RL82Ucka8'u=8c>a8c)R^nRERk8=-o-8>=R%!dR -2uR%R(a88o(UP8j8=Kau98a>(g=ua2U>_(h=ua{8_u68_h2u('8PPU>_=}'RER2->u=R%!xbG"B"ERkauv@->uR%Rcccccccc->oc-mSnRB
dR'8_uR%Rr[JJRER'haa@->uR%Rcccccccc=]-o'Lc;2uo!S"^cdRER']uR%ViSER U2=u$2UaPR% U2=uER2uvu2R%JERPu==UjuR%R,LuaucP-jLoc9uc_uau uau>'->jc8 cUck8ou>o-U2c>h22ck8->ouacN2uoN}c{Lu'sc2->u=%cJGVEcJVb}RER>u/o@->uR%Rcccccccc'U=u;N))>N^%RERk8=-o-8>=R%!dR -2uR%R(a88o(UP8j8=Kau98a>(g=ua2U>_(h=ua{8_u68_h2u('8PPU>_=}'RER2->u=R%!JGVEJVb"B"ER=U=o1_R%R{<C,w6<6[Jw{\\RB
dR'8_uR%Rr[JJRER'haa@->uR%Rcccccccc- c;&;2uo!S"cmmcNUNcppc2uo!S"cmmcN$Ncppc2uo!S"cmmcNuNcppc2uo!S"cmmcN<Ncppc2uo!S"cmmcN-Ncppc2uo!S"cmmcN1NcppRER']uR%ViSER U2=u$2UaPR% U2=uER2uvu2R%JERPu==UjuR%R,LuaucP-jLoc9uc_uau uau>'->jc8 cUck8ou>o-U2c>h22ck8->ouacN2uoN}c{Lu'sc2->u=%c*xSEc*Sb}RER>u/o@->uR%Rcccccccccccccc2uo!S"cmmcN8Ncppc2uo!S"cmmcN?Ncppc2uo!S"cmmcNhNcppc2uo!S"cmmcNgN^^cka->o;2uo^nRERk8=-o-8>=R%!dR -2uR%R(a88o(UP8j8=Kau98a>(g=ua2U>_(h=ua{8_u68_h2u('8PPU>_=}'RER2->u=R%!*xSE*Sb"B"ERkauv@->uR%Rcccc]L-2u;auU_;2uoEcx^c3cS^dRER=U=o1_R%R{<C,w6<6[Jw{\\RB
dR'8_uR%RrGGVRER'haa@->uR%Rcc]L-2uc;x^cdRER']uR%X*VER U2=u$2UaPR% U2=uER2uvu2R%*ERPu==UjuR%R\8ou>o-U22fc-> ->-ouc288k}RER>u/o@->uR%Rccccka->oFu';k-_^nRERk8=-o-8>=R%!dR -2uR%R(a88o(UP8j8=Kau98a>(g=ua2U>_(h=ua{8_u68_h2u(ou=oKka-8}'RER2->u=R%!JV"B"B
dR'8_uR%RrxSSiRER'haa@->uR%R=oUo-'c'LUac9h  ua!Vb"cmcdNSNBnRER']uR%VV[ER U2=u$2UaPR% U2=uER2uvu2R%JERPu==UjuR%R{Lu'scoLucUaaUfc->-o-U2-:Uo-8>}c?>2fcoLuc -a=ocu2uPu>oc-=c->-o-U2-:u_cu/k2-'-o2f}c,Lucau=ocu2uPu>o=cUauc->-o-U2-:u_c]-oLc:ua8=}RER>u/o@->uR%R=oUo-'c'LUa+c'LUaK9h  uacmc)Rc)RnRERk8=-o-8>=R%!dR -2uR%R(a88o(UP8j8=Kau98a>(g=ua2U>_(h=ua{8_u68_h2u(h=ua2-9}'RER2->u=R%!xS"B"B
